<?xml version="1.0" encoding="UTF-8"?>
<testsuite xmlns:xsi="http://www.w3.org/2001/XMLSchema-instance" xsi:noNamespaceSchemaLocation="https://maven.apache.org/surefire/maven-surefire-plugin/xsd/surefire-test-report-3.0.xsd" version="3.0" name="com.brewery.client.course.web.client.BreweryClientTest" time="3.642" tests="8" errors="0" skipped="0" failures="0">
  <properties>
    <property name="java.specification.version" value="17"/>
    <property name="sun.jnu.encoding" value="UTF-8"/>
    <property name="java.class.path" value="/home/users/bpietrowiak/Spring_microservices/Brewery_Client_SpringCourse/target/test-classes:/home/users/bpietrowiak/Spring_microservices/Brewery_Client_SpringCourse/target/classes:/home/users/bpietrowiak/.m2/repository/org/springframework/boot/spring-boot-starter-actuator/3.0.2/spring-boot-starter-actuator-3.0.2.jar:/home/users/bpietrowiak/.m2/repository/org/springframework/boot/spring-boot-starter/3.0.2/spring-boot-starter-3.0.2.jar:/home/users/bpietrowiak/.m2/repository/org/springframework/boot/spring-boot-starter-logging/3.0.2/spring-boot-starter-logging-3.0.2.jar:/home/users/bpietrowiak/.m2/repository/ch/qos/logback/logback-classic/1.4.5/logback-classic-1.4.5.jar:/home/users/bpietrowiak/.m2/repository/ch/qos/logback/logback-core/1.4.5/logback-core-1.4.5.jar:/home/users/bpietrowiak/.m2/repository/org/apache/logging/log4j/log4j-to-slf4j/2.19.0/log4j-to-slf4j-2.19.0.jar:/home/users/bpietrowiak/.m2/repository/org/apache/logging/log4j/log4j-api/2.19.0/log4j-api-2.19.0.jar:/home/users/bpietrowiak/.m2/repository/org/slf4j/jul-to-slf4j/2.0.6/jul-to-slf4j-2.0.6.jar:/home/users/bpietrowiak/.m2/repository/jakarta/annotation/jakarta.annotation-api/2.1.1/jakarta.annotation-api-2.1.1.jar:/home/users/bpietrowiak/.m2/repository/org/yaml/snakeyaml/1.33/snakeyaml-1.33.jar:/home/users/bpietrowiak/.m2/repository/org/springframework/boot/spring-boot-actuator-autoconfigure/3.0.2/spring-boot-actuator-autoconfigure-3.0.2.jar:/home/users/bpietrowiak/.m2/repository/org/springframework/boot/spring-boot-actuator/3.0.2/spring-boot-actuator-3.0.2.jar:/home/users/bpietrowiak/.m2/repository/com/fasterxml/jackson/core/jackson-databind/2.14.1/jackson-databind-2.14.1.jar:/home/users/bpietrowiak/.m2/repository/com/fasterxml/jackson/core/jackson-annotations/2.14.1/jackson-annotations-2.14.1.jar:/home/users/bpietrowiak/.m2/repository/com/fasterxml/jackson/core/jackson-core/2.14.1/jackson-core-2.14.1.jar:/home/users/bpietrowiak/.m2/repository/com/fasterxml/jackson/datatype/jackson-datatype-jsr310/2.14.1/jackson-datatype-jsr310-2.14.1.jar:/home/users/bpietrowiak/.m2/repository/io/micrometer/micrometer-observation/1.10.3/micrometer-observation-1.10.3.jar:/home/users/bpietrowiak/.m2/repository/io/micrometer/micrometer-commons/1.10.3/micrometer-commons-1.10.3.jar:/home/users/bpietrowiak/.m2/repository/io/micrometer/micrometer-core/1.10.3/micrometer-core-1.10.3.jar:/home/users/bpietrowiak/.m2/repository/org/hdrhistogram/HdrHistogram/2.1.12/HdrHistogram-2.1.12.jar:/home/users/bpietrowiak/.m2/repository/org/latencyutils/LatencyUtils/2.0.3/LatencyUtils-2.0.3.jar:/home/users/bpietrowiak/.m2/repository/org/springframework/boot/spring-boot-starter-web/3.0.2/spring-boot-starter-web-3.0.2.jar:/home/users/bpietrowiak/.m2/repository/org/springframework/boot/spring-boot-starter-json/3.0.2/spring-boot-starter-json-3.0.2.jar:/home/users/bpietrowiak/.m2/repository/com/fasterxml/jackson/datatype/jackson-datatype-jdk8/2.14.1/jackson-datatype-jdk8-2.14.1.jar:/home/users/bpietrowiak/.m2/repository/com/fasterxml/jackson/module/jackson-module-parameter-names/2.14.1/jackson-module-parameter-names-2.14.1.jar:/home/users/bpietrowiak/.m2/repository/org/springframework/boot/spring-boot-starter-tomcat/3.0.2/spring-boot-starter-tomcat-3.0.2.jar:/home/users/bpietrowiak/.m2/repository/org/apache/tomcat/embed/tomcat-embed-core/10.1.5/tomcat-embed-core-10.1.5.jar:/home/users/bpietrowiak/.m2/repository/org/apache/tomcat/embed/tomcat-embed-el/10.1.5/tomcat-embed-el-10.1.5.jar:/home/users/bpietrowiak/.m2/repository/org/apache/tomcat/embed/tomcat-embed-websocket/10.1.5/tomcat-embed-websocket-10.1.5.jar:/home/users/bpietrowiak/.m2/repository/org/springframework/spring-web/6.0.4/spring-web-6.0.4.jar:/home/users/bpietrowiak/.m2/repository/org/springframework/spring-beans/6.0.4/spring-beans-6.0.4.jar:/home/users/bpietrowiak/.m2/repository/org/springframework/spring-webmvc/6.0.4/spring-webmvc-6.0.4.jar:/home/users/bpietrowiak/.m2/repository/org/springframework/spring-aop/6.0.4/spring-aop-6.0.4.jar:/home/users/bpietrowiak/.m2/repository/org/springframework/spring-context/6.0.4/spring-context-6.0.4.jar:/home/users/bpietrowiak/.m2/repository/org/springframework/spring-expression/6.0.4/spring-expression-6.0.4.jar:/home/users/bpietrowiak/.m2/repository/org/apache/httpcomponents/client5/httpclient5/5.1.3/httpclient5-5.1.3.jar:/home/users/bpietrowiak/.m2/repository/org/apache/httpcomponents/core5/httpcore5/5.1.5/httpcore5-5.1.5.jar:/home/users/bpietrowiak/.m2/repository/org/apache/httpcomponents/core5/httpcore5-h2/5.1.5/httpcore5-h2-5.1.5.jar:/home/users/bpietrowiak/.m2/repository/org/slf4j/slf4j-api/2.0.6/slf4j-api-2.0.6.jar:/home/users/bpietrowiak/.m2/repository/commons-codec/commons-codec/1.15/commons-codec-1.15.jar:/home/users/bpietrowiak/.m2/repository/org/apache/httpcomponents/client5/httpclient5-fluent/5.1.3/httpclient5-fluent-5.1.3.jar:/home/users/bpietrowiak/.m2/repository/org/springframework/boot/spring-boot-devtools/3.0.2/spring-boot-devtools-3.0.2.jar:/home/users/bpietrowiak/.m2/repository/org/springframework/boot/spring-boot/3.0.2/spring-boot-3.0.2.jar:/home/users/bpietrowiak/.m2/repository/org/springframework/boot/spring-boot-autoconfigure/3.0.2/spring-boot-autoconfigure-3.0.2.jar:/home/users/bpietrowiak/.m2/repository/org/projectlombok/lombok/1.18.24/lombok-1.18.24.jar:/home/users/bpietrowiak/.m2/repository/org/springframework/boot/spring-boot-starter-test/3.0.2/spring-boot-starter-test-3.0.2.jar:/home/users/bpietrowiak/.m2/repository/org/springframework/boot/spring-boot-test/3.0.2/spring-boot-test-3.0.2.jar:/home/users/bpietrowiak/.m2/repository/org/springframework/boot/spring-boot-test-autoconfigure/3.0.2/spring-boot-test-autoconfigure-3.0.2.jar:/home/users/bpietrowiak/.m2/repository/com/jayway/jsonpath/json-path/2.7.0/json-path-2.7.0.jar:/home/users/bpietrowiak/.m2/repository/net/minidev/json-smart/2.4.8/json-smart-2.4.8.jar:/home/users/bpietrowiak/.m2/repository/net/minidev/accessors-smart/2.4.8/accessors-smart-2.4.8.jar:/home/users/bpietrowiak/.m2/repository/org/ow2/asm/asm/9.1/asm-9.1.jar:/home/users/bpietrowiak/.m2/repository/jakarta/xml/bind/jakarta.xml.bind-api/4.0.0/jakarta.xml.bind-api-4.0.0.jar:/home/users/bpietrowiak/.m2/repository/jakarta/activation/jakarta.activation-api/2.1.1/jakarta.activation-api-2.1.1.jar:/home/users/bpietrowiak/.m2/repository/org/assertj/assertj-core/3.23.1/assertj-core-3.23.1.jar:/home/users/bpietrowiak/.m2/repository/net/bytebuddy/byte-buddy/1.12.22/byte-buddy-1.12.22.jar:/home/users/bpietrowiak/.m2/repository/org/hamcrest/hamcrest/2.2/hamcrest-2.2.jar:/home/users/bpietrowiak/.m2/repository/org/junit/jupiter/junit-jupiter/5.9.2/junit-jupiter-5.9.2.jar:/home/users/bpietrowiak/.m2/repository/org/junit/jupiter/junit-jupiter-api/5.9.2/junit-jupiter-api-5.9.2.jar:/home/users/bpietrowiak/.m2/repository/org/opentest4j/opentest4j/1.2.0/opentest4j-1.2.0.jar:/home/users/bpietrowiak/.m2/repository/org/junit/platform/junit-platform-commons/1.9.2/junit-platform-commons-1.9.2.jar:/home/users/bpietrowiak/.m2/repository/org/apiguardian/apiguardian-api/1.1.2/apiguardian-api-1.1.2.jar:/home/users/bpietrowiak/.m2/repository/org/junit/jupiter/junit-jupiter-params/5.9.2/junit-jupiter-params-5.9.2.jar:/home/users/bpietrowiak/.m2/repository/org/junit/jupiter/junit-jupiter-engine/5.9.2/junit-jupiter-engine-5.9.2.jar:/home/users/bpietrowiak/.m2/repository/org/junit/platform/junit-platform-engine/1.9.2/junit-platform-engine-1.9.2.jar:/home/users/bpietrowiak/.m2/repository/org/mockito/mockito-core/4.8.1/mockito-core-4.8.1.jar:/home/users/bpietrowiak/.m2/repository/net/bytebuddy/byte-buddy-agent/1.12.22/byte-buddy-agent-1.12.22.jar:/home/users/bpietrowiak/.m2/repository/org/objenesis/objenesis/3.2/objenesis-3.2.jar:/home/users/bpietrowiak/.m2/repository/org/mockito/mockito-junit-jupiter/4.8.1/mockito-junit-jupiter-4.8.1.jar:/home/users/bpietrowiak/.m2/repository/org/skyscreamer/jsonassert/1.5.1/jsonassert-1.5.1.jar:/home/users/bpietrowiak/.m2/repository/com/vaadin/external/google/android-json/0.0.20131108.vaadin1/android-json-0.0.20131108.vaadin1.jar:/home/users/bpietrowiak/.m2/repository/org/springframework/spring-core/6.0.4/spring-core-6.0.4.jar:/home/users/bpietrowiak/.m2/repository/org/springframework/spring-jcl/6.0.4/spring-jcl-6.0.4.jar:/home/users/bpietrowiak/.m2/repository/org/springframework/spring-test/6.0.4/spring-test-6.0.4.jar:/home/users/bpietrowiak/.m2/repository/org/xmlunit/xmlunit-core/2.9.1/xmlunit-core-2.9.1.jar:"/>
    <property name="java.vm.vendor" value="Private Build"/>
    <property name="sun.arch.data.model" value="64"/>
    <property name="java.vendor.url" value="Unknown"/>
    <property name="user.timezone" value="Europe/Warsaw"/>
    <property name="os.name" value="Linux"/>
    <property name="java.vm.specification.version" value="17"/>
    <property name="sun.java.launcher" value="SUN_STANDARD"/>
    <property name="user.country" value="PL"/>
    <property name="sun.boot.library.path" value="/usr/lib/jvm/java-17-openjdk-amd64/lib"/>
    <property name="sun.java.command" value="/home/users/bpietrowiak/Spring_microservices/Brewery_Client_SpringCourse/target/surefire/surefirebooter-20230213181303376_3.jar /home/users/bpietrowiak/Spring_microservices/Brewery_Client_SpringCourse/target/surefire 2023-02-13T18-13-03_093-jvmRun1 surefire-20230213181303376_1tmp surefire_0-20230213181303376_2tmp"/>
    <property name="jdk.debug" value="release"/>
    <property name="surefire.test.class.path" value="/home/users/bpietrowiak/Spring_microservices/Brewery_Client_SpringCourse/target/test-classes:/home/users/bpietrowiak/Spring_microservices/Brewery_Client_SpringCourse/target/classes:/home/users/bpietrowiak/.m2/repository/org/springframework/boot/spring-boot-starter-actuator/3.0.2/spring-boot-starter-actuator-3.0.2.jar:/home/users/bpietrowiak/.m2/repository/org/springframework/boot/spring-boot-starter/3.0.2/spring-boot-starter-3.0.2.jar:/home/users/bpietrowiak/.m2/repository/org/springframework/boot/spring-boot-starter-logging/3.0.2/spring-boot-starter-logging-3.0.2.jar:/home/users/bpietrowiak/.m2/repository/ch/qos/logback/logback-classic/1.4.5/logback-classic-1.4.5.jar:/home/users/bpietrowiak/.m2/repository/ch/qos/logback/logback-core/1.4.5/logback-core-1.4.5.jar:/home/users/bpietrowiak/.m2/repository/org/apache/logging/log4j/log4j-to-slf4j/2.19.0/log4j-to-slf4j-2.19.0.jar:/home/users/bpietrowiak/.m2/repository/org/apache/logging/log4j/log4j-api/2.19.0/log4j-api-2.19.0.jar:/home/users/bpietrowiak/.m2/repository/org/slf4j/jul-to-slf4j/2.0.6/jul-to-slf4j-2.0.6.jar:/home/users/bpietrowiak/.m2/repository/jakarta/annotation/jakarta.annotation-api/2.1.1/jakarta.annotation-api-2.1.1.jar:/home/users/bpietrowiak/.m2/repository/org/yaml/snakeyaml/1.33/snakeyaml-1.33.jar:/home/users/bpietrowiak/.m2/repository/org/springframework/boot/spring-boot-actuator-autoconfigure/3.0.2/spring-boot-actuator-autoconfigure-3.0.2.jar:/home/users/bpietrowiak/.m2/repository/org/springframework/boot/spring-boot-actuator/3.0.2/spring-boot-actuator-3.0.2.jar:/home/users/bpietrowiak/.m2/repository/com/fasterxml/jackson/core/jackson-databind/2.14.1/jackson-databind-2.14.1.jar:/home/users/bpietrowiak/.m2/repository/com/fasterxml/jackson/core/jackson-annotations/2.14.1/jackson-annotations-2.14.1.jar:/home/users/bpietrowiak/.m2/repository/com/fasterxml/jackson/core/jackson-core/2.14.1/jackson-core-2.14.1.jar:/home/users/bpietrowiak/.m2/repository/com/fasterxml/jackson/datatype/jackson-datatype-jsr310/2.14.1/jackson-datatype-jsr310-2.14.1.jar:/home/users/bpietrowiak/.m2/repository/io/micrometer/micrometer-observation/1.10.3/micrometer-observation-1.10.3.jar:/home/users/bpietrowiak/.m2/repository/io/micrometer/micrometer-commons/1.10.3/micrometer-commons-1.10.3.jar:/home/users/bpietrowiak/.m2/repository/io/micrometer/micrometer-core/1.10.3/micrometer-core-1.10.3.jar:/home/users/bpietrowiak/.m2/repository/org/hdrhistogram/HdrHistogram/2.1.12/HdrHistogram-2.1.12.jar:/home/users/bpietrowiak/.m2/repository/org/latencyutils/LatencyUtils/2.0.3/LatencyUtils-2.0.3.jar:/home/users/bpietrowiak/.m2/repository/org/springframework/boot/spring-boot-starter-web/3.0.2/spring-boot-starter-web-3.0.2.jar:/home/users/bpietrowiak/.m2/repository/org/springframework/boot/spring-boot-starter-json/3.0.2/spring-boot-starter-json-3.0.2.jar:/home/users/bpietrowiak/.m2/repository/com/fasterxml/jackson/datatype/jackson-datatype-jdk8/2.14.1/jackson-datatype-jdk8-2.14.1.jar:/home/users/bpietrowiak/.m2/repository/com/fasterxml/jackson/module/jackson-module-parameter-names/2.14.1/jackson-module-parameter-names-2.14.1.jar:/home/users/bpietrowiak/.m2/repository/org/springframework/boot/spring-boot-starter-tomcat/3.0.2/spring-boot-starter-tomcat-3.0.2.jar:/home/users/bpietrowiak/.m2/repository/org/apache/tomcat/embed/tomcat-embed-core/10.1.5/tomcat-embed-core-10.1.5.jar:/home/users/bpietrowiak/.m2/repository/org/apache/tomcat/embed/tomcat-embed-el/10.1.5/tomcat-embed-el-10.1.5.jar:/home/users/bpietrowiak/.m2/repository/org/apache/tomcat/embed/tomcat-embed-websocket/10.1.5/tomcat-embed-websocket-10.1.5.jar:/home/users/bpietrowiak/.m2/repository/org/springframework/spring-web/6.0.4/spring-web-6.0.4.jar:/home/users/bpietrowiak/.m2/repository/org/springframework/spring-beans/6.0.4/spring-beans-6.0.4.jar:/home/users/bpietrowiak/.m2/repository/org/springframework/spring-webmvc/6.0.4/spring-webmvc-6.0.4.jar:/home/users/bpietrowiak/.m2/repository/org/springframework/spring-aop/6.0.4/spring-aop-6.0.4.jar:/home/users/bpietrowiak/.m2/repository/org/springframework/spring-context/6.0.4/spring-context-6.0.4.jar:/home/users/bpietrowiak/.m2/repository/org/springframework/spring-expression/6.0.4/spring-expression-6.0.4.jar:/home/users/bpietrowiak/.m2/repository/org/apache/httpcomponents/client5/httpclient5/5.1.3/httpclient5-5.1.3.jar:/home/users/bpietrowiak/.m2/repository/org/apache/httpcomponents/core5/httpcore5/5.1.5/httpcore5-5.1.5.jar:/home/users/bpietrowiak/.m2/repository/org/apache/httpcomponents/core5/httpcore5-h2/5.1.5/httpcore5-h2-5.1.5.jar:/home/users/bpietrowiak/.m2/repository/org/slf4j/slf4j-api/2.0.6/slf4j-api-2.0.6.jar:/home/users/bpietrowiak/.m2/repository/commons-codec/commons-codec/1.15/commons-codec-1.15.jar:/home/users/bpietrowiak/.m2/repository/org/apache/httpcomponents/client5/httpclient5-fluent/5.1.3/httpclient5-fluent-5.1.3.jar:/home/users/bpietrowiak/.m2/repository/org/springframework/boot/spring-boot-devtools/3.0.2/spring-boot-devtools-3.0.2.jar:/home/users/bpietrowiak/.m2/repository/org/springframework/boot/spring-boot/3.0.2/spring-boot-3.0.2.jar:/home/users/bpietrowiak/.m2/repository/org/springframework/boot/spring-boot-autoconfigure/3.0.2/spring-boot-autoconfigure-3.0.2.jar:/home/users/bpietrowiak/.m2/repository/org/projectlombok/lombok/1.18.24/lombok-1.18.24.jar:/home/users/bpietrowiak/.m2/repository/org/springframework/boot/spring-boot-starter-test/3.0.2/spring-boot-starter-test-3.0.2.jar:/home/users/bpietrowiak/.m2/repository/org/springframework/boot/spring-boot-test/3.0.2/spring-boot-test-3.0.2.jar:/home/users/bpietrowiak/.m2/repository/org/springframework/boot/spring-boot-test-autoconfigure/3.0.2/spring-boot-test-autoconfigure-3.0.2.jar:/home/users/bpietrowiak/.m2/repository/com/jayway/jsonpath/json-path/2.7.0/json-path-2.7.0.jar:/home/users/bpietrowiak/.m2/repository/net/minidev/json-smart/2.4.8/json-smart-2.4.8.jar:/home/users/bpietrowiak/.m2/repository/net/minidev/accessors-smart/2.4.8/accessors-smart-2.4.8.jar:/home/users/bpietrowiak/.m2/repository/org/ow2/asm/asm/9.1/asm-9.1.jar:/home/users/bpietrowiak/.m2/repository/jakarta/xml/bind/jakarta.xml.bind-api/4.0.0/jakarta.xml.bind-api-4.0.0.jar:/home/users/bpietrowiak/.m2/repository/jakarta/activation/jakarta.activation-api/2.1.1/jakarta.activation-api-2.1.1.jar:/home/users/bpietrowiak/.m2/repository/org/assertj/assertj-core/3.23.1/assertj-core-3.23.1.jar:/home/users/bpietrowiak/.m2/repository/net/bytebuddy/byte-buddy/1.12.22/byte-buddy-1.12.22.jar:/home/users/bpietrowiak/.m2/repository/org/hamcrest/hamcrest/2.2/hamcrest-2.2.jar:/home/users/bpietrowiak/.m2/repository/org/junit/jupiter/junit-jupiter/5.9.2/junit-jupiter-5.9.2.jar:/home/users/bpietrowiak/.m2/repository/org/junit/jupiter/junit-jupiter-api/5.9.2/junit-jupiter-api-5.9.2.jar:/home/users/bpietrowiak/.m2/repository/org/opentest4j/opentest4j/1.2.0/opentest4j-1.2.0.jar:/home/users/bpietrowiak/.m2/repository/org/junit/platform/junit-platform-commons/1.9.2/junit-platform-commons-1.9.2.jar:/home/users/bpietrowiak/.m2/repository/org/apiguardian/apiguardian-api/1.1.2/apiguardian-api-1.1.2.jar:/home/users/bpietrowiak/.m2/repository/org/junit/jupiter/junit-jupiter-params/5.9.2/junit-jupiter-params-5.9.2.jar:/home/users/bpietrowiak/.m2/repository/org/junit/jupiter/junit-jupiter-engine/5.9.2/junit-jupiter-engine-5.9.2.jar:/home/users/bpietrowiak/.m2/repository/org/junit/platform/junit-platform-engine/1.9.2/junit-platform-engine-1.9.2.jar:/home/users/bpietrowiak/.m2/repository/org/mockito/mockito-core/4.8.1/mockito-core-4.8.1.jar:/home/users/bpietrowiak/.m2/repository/net/bytebuddy/byte-buddy-agent/1.12.22/byte-buddy-agent-1.12.22.jar:/home/users/bpietrowiak/.m2/repository/org/objenesis/objenesis/3.2/objenesis-3.2.jar:/home/users/bpietrowiak/.m2/repository/org/mockito/mockito-junit-jupiter/4.8.1/mockito-junit-jupiter-4.8.1.jar:/home/users/bpietrowiak/.m2/repository/org/skyscreamer/jsonassert/1.5.1/jsonassert-1.5.1.jar:/home/users/bpietrowiak/.m2/repository/com/vaadin/external/google/android-json/0.0.20131108.vaadin1/android-json-0.0.20131108.vaadin1.jar:/home/users/bpietrowiak/.m2/repository/org/springframework/spring-core/6.0.4/spring-core-6.0.4.jar:/home/users/bpietrowiak/.m2/repository/org/springframework/spring-jcl/6.0.4/spring-jcl-6.0.4.jar:/home/users/bpietrowiak/.m2/repository/org/springframework/spring-test/6.0.4/spring-test-6.0.4.jar:/home/users/bpietrowiak/.m2/repository/org/xmlunit/xmlunit-core/2.9.1/xmlunit-core-2.9.1.jar:"/>
    <property name="sun.cpu.endian" value="little"/>
    <property name="user.home" value="/home/users/bpietrowiak"/>
    <property name="user.language" value="pl"/>
    <property name="java.specification.vendor" value="Oracle Corporation"/>
    <property name="java.version.date" value="2022-10-18"/>
    <property name="java.home" value="/usr/lib/jvm/java-17-openjdk-amd64"/>
    <property name="file.separator" value="/"/>
    <property name="basedir" value="/home/users/bpietrowiak/Spring_microservices/Brewery_Client_SpringCourse"/>
    <property name="java.vm.compressedOopsMode" value="Zero based"/>
    <property name="line.separator" value="&#10;"/>
    <property name="java.specification.name" value="Java Platform API Specification"/>
    <property name="java.vm.specification.vendor" value="Oracle Corporation"/>
    <property name="FILE_LOG_CHARSET" value="UTF-8"/>
    <property name="java.awt.headless" value="true"/>
    <property name="surefire.real.class.path" value="/home/users/bpietrowiak/Spring_microservices/Brewery_Client_SpringCourse/target/surefire/surefirebooter-20230213181303376_3.jar"/>
    <property name="sun.management.compiler" value="HotSpot 64-Bit Tiered Compilers"/>
    <property name="java.runtime.version" value="17.0.5+8-Ubuntu-2ubuntu120.04"/>
    <property name="user.name" value="bpietrowiak"/>
    <property name="path.separator" value=":"/>
    <property name="os.version" value="5.15.0-60-generic"/>
    <property name="java.runtime.name" value="OpenJDK Runtime Environment"/>
    <property name="file.encoding" value="UTF-8"/>
    <property name="java.vm.name" value="OpenJDK 64-Bit Server VM"/>
    <property name="localRepository" value="/home/users/bpietrowiak/.m2/repository"/>
    <property name="java.vendor.url.bug" value="Unknown"/>
    <property name="java.io.tmpdir" value="/tmp"/>
    <property name="java.version" value="17.0.5"/>
    <property name="user.dir" value="/home/users/bpietrowiak/Spring_microservices/Brewery_Client_SpringCourse"/>
    <property name="os.arch" value="amd64"/>
    <property name="java.vm.specification.name" value="Java Virtual Machine Specification"/>
    <property name="PID" value="82322"/>
    <property name="CONSOLE_LOG_CHARSET" value="UTF-8"/>
    <property name="native.encoding" value="UTF-8"/>
    <property name="java.library.path" value="/usr/java/packages/lib:/usr/lib/x86_64-linux-gnu/jni:/lib/x86_64-linux-gnu:/usr/lib/x86_64-linux-gnu:/usr/lib/jni:/lib:/usr/lib"/>
    <property name="java.vm.info" value="mixed mode, sharing"/>
    <property name="java.vendor" value="Private Build"/>
    <property name="java.vm.version" value="17.0.5+8-Ubuntu-2ubuntu120.04"/>
    <property name="sun.io.unicode.encoding" value="UnicodeLittle"/>
    <property name="java.class.version" value="61.0"/>
  </properties>
  <testcase name="getCustomerById" classname="com.brewery.client.course.web.client.BreweryClientTest" time="0.588">
    <system-out><![CDATA[18:13:04.412 [main] DEBUG org.springframework.boot.test.context.SpringBootTestContextBootstrapper - Neither @ContextConfiguration nor @ContextHierarchy found for test class [BreweryClientTest]: using SpringBootContextLoader
18:13:04.417 [main] DEBUG org.springframework.test.context.support.AbstractContextLoader - Could not detect default resource locations for test class [com.brewery.client.course.web.client.BreweryClientTest]: no resource found for suffixes {-context.xml, Context.groovy}.
18:13:04.418 [main] INFO org.springframework.test.context.support.AnnotationConfigContextLoaderUtils - Could not detect default configuration classes for test class [com.brewery.client.course.web.client.BreweryClientTest]: BreweryClientTest does not declare any static, non-private, non-final, nested classes annotated with @Configuration.
18:13:04.449 [main] DEBUG org.springframework.boot.test.context.SpringBootTestContextBootstrapper - Using ContextCustomizers for test class [BreweryClientTest]: [ExcludeFilterContextCustomizer, DuplicateJsonObjectContextCustomizer, MockitoContextCustomizer, TestRestTemplateContextCustomizer, DisableObservabilityContextCustomizer, PropertyMappingContextCustomizer, Customizer]
18:13:04.533 [main] DEBUG org.springframework.context.annotation.ClassPathScanningCandidateComponentProvider - Identified candidate component class: file [/home/users/bpietrowiak/Spring_microservices/Brewery_Client_SpringCourse/target/classes/com/brewery/client/course/CourseApplication.class]
18:13:04.535 [main] INFO org.springframework.boot.test.context.SpringBootTestContextBootstrapper - Found @SpringBootConfiguration com.brewery.client.course.CourseApplication for test class com.brewery.client.course.web.client.BreweryClientTest
18:13:04.637 [main] DEBUG org.springframework.test.context.util.TestContextSpringFactoriesUtils - Skipping candidate TestExecutionListener [org.springframework.test.context.transaction.TransactionalTestExecutionListener] due to a missing dependency. Specify custom TestExecutionListener classes or make the default TestExecutionListener classes and their required dependencies available. Offending class: [org/springframework/transaction/interceptor/TransactionAttributeSource]
18:13:04.639 [main] DEBUG org.springframework.test.context.util.TestContextSpringFactoriesUtils - Skipping candidate TestExecutionListener [org.springframework.test.context.jdbc.SqlScriptsTestExecutionListener] due to a missing dependency. Specify custom TestExecutionListener classes or make the default TestExecutionListener classes and their required dependencies available. Offending class: [org/springframework/transaction/interceptor/TransactionAttribute]
18:13:04.642 [main] DEBUG org.springframework.boot.test.context.SpringBootTestContextBootstrapper - Using TestExecutionListeners for test class [BreweryClientTest]: [ServletTestExecutionListener, DirtiesContextBeforeModesTestExecutionListener, ApplicationEventsTestExecutionListener, MockitoTestExecutionListener, DependencyInjectionTestExecutionListener, DirtiesContextTestExecutionListener, EventPublishingTestExecutionListener, ResetMocksTestExecutionListener, RestDocsTestExecutionListener, MockRestServiceServerResetTestExecutionListener, MockMvcPrintOnlyOnFailureTestExecutionListener, WebDriverTestExecutionListener, MockWebServiceServerTestExecutionListener]
18:13:04.643 [main] DEBUG org.springframework.test.context.support.AbstractDirtiesContextTestExecutionListener - Before test class: class [BreweryClientTest], class annotated with @DirtiesContext [false] with mode [null]

  .   ____          _            __ _ _
 /\\ / ___'_ __ _ _(_)_ __  __ _ \ \ \ \
( ( )\___ | '_ | '_| | '_ \/ _` | \ \ \ \
 \\/  ___)| |_)| | | | | || (_| |  ) ) ) )
  '  |____| .__|_| |_|_| |_\__, | / / / /
 =========|_|==============|___/=/_/_/_/
 :: Spring Boot ::                (v3.0.2)

2023-02-13T18:13:04.978+01:00  INFO 82322 --- [           main] c.b.c.c.web.client.BreweryClientTest     : Starting BreweryClientTest using Java 17.0.5 with PID 82322 (started by bpietrowiak in /home/users/bpietrowiak/Spring_microservices/Brewery_Client_SpringCourse)
2023-02-13T18:13:04.981+01:00  INFO 82322 --- [           main] c.b.c.c.web.client.BreweryClientTest     : No active profile set, falling back to 1 default profile: "default"
2023-02-13T18:13:07.042+01:00  INFO 82322 --- [           main] o.s.b.a.e.web.EndpointLinksResolver      : Exposing 1 endpoint(s) beneath base path '/actuator'
2023-02-13T18:13:07.113+01:00  INFO 82322 --- [           main] c.b.c.c.web.client.BreweryClientTest     : Started BreweryClientTest in 2.429 seconds (process running for 3.644)
]]></system-out>
  </testcase>
  <testcase name="saveNewBeer" classname="com.brewery.client.course.web.client.BreweryClientTest" time="0.026"/>
  <testcase name="deleteCustomer" classname="com.brewery.client.course.web.client.BreweryClientTest" time="0.009"/>
  <testcase name="saveNewCustomer" classname="com.brewery.client.course.web.client.BreweryClientTest" time="0.01"/>
  <testcase name="getBeerById" classname="com.brewery.client.course.web.client.BreweryClientTest" time="0.013"/>
  <testcase name="updateBeer" classname="com.brewery.client.course.web.client.BreweryClientTest" time="0.009"/>
  <testcase name="updateCustomer" classname="com.brewery.client.course.web.client.BreweryClientTest" time="0.01"/>
  <testcase name="deleteBeer" classname="com.brewery.client.course.web.client.BreweryClientTest" time="0.009"/>
</testsuite>